Using pre-set license
Built from '2020.3/staging' branch; Version is '2020.3.0f1 (c7b5465681fb) revision 13088070'; Using compiler version '192528614'; Build Type 'Release'
OS: 'Windows 10 Pro; OS build 19042.1083; Version 2009; 64bit' Language: 'en' Physical Memory: 8078 MB
BatchMode: 1, IsHumanControllingUs: 0, StartBugReporterOnCrash: 0, Is64bit: 1, IsPro: 0

 COMMAND LINE ARGUMENTS:
D:\VAULT\APPZ\Unity\Editor\Unity.exe
-adb2
-batchMode
-noUpm
-name
AssetImportWorker0
-projectPath
D:/Home/Nhi/CUSpring2021/_ATLS4519_PAD/Assignment2/Image3
-logFile
Logs/AssetImportWorker0.log
-srvPort
61987
Successfully changed project path to: D:/Home/Nhi/CUSpring2021/_ATLS4519_PAD/Assignment2/Image3
D:/Home/Nhi/CUSpring2021/_ATLS4519_PAD/Assignment2/Image3
Using Asset Import Pipeline V2.
Refreshing native plugins compatible for Editor in 24.09 ms, found 0 plugins.
Preloading 0 native plugins for Editor in 0.00 ms.
Initialize engine version: 2020.3.0f1 (c7b5465681fb)
[Subsystems] Discovering subsystems at path D:/VAULT/APPZ/Unity/Editor/Data/Resources/UnitySubsystems
[Subsystems] Discovering subsystems at path D:/Home/Nhi/CUSpring2021/_ATLS4519_PAD/Assignment2/Image3/Assets
GfxDevice: creating device client; threaded=0
Direct3D:
    Version:  Direct3D 11.0 [level 11.1]
    Renderer: Intel(R) UHD Graphics 620 (ID=0x5917)
    Vendor:   
    VRAM:     4039 MB
    Driver:   26.20.100.7000
Initialize mono
Mono path[0] = 'D:/VAULT/APPZ/Unity/Editor/Data/Managed'
Mono path[1] = 'D:/VAULT/APPZ/Unity/Editor/Data/MonoBleedingEdge/lib/mono/unityjit'
Mono config path = 'D:/VAULT/APPZ/Unity/Editor/Data/MonoBleedingEdge/etc'
Using monoOptions --debugger-agent=transport=dt_socket,embedding=1,server=y,suspend=n,address=127.0.0.1:56864
Begin MonoManager ReloadAssembly
Registering precompiled unity dll's ...
Register platform support module: D:/VAULT/APPZ/Unity/Editor/Data/PlaybackEngines/WindowsStandaloneSupport/UnityEditor.WindowsStandalone.Extensions.dll
Registered in 0.001395 seconds.
Native extension for WindowsStandalone target not found
Refreshing native plugins compatible for Editor in 23.54 ms, found 0 plugins.
Preloading 0 native plugins for Editor in 0.00 ms.
Invoked RoslynAnalysisRunner static constructor.
RoslynAnalysisRunner will not be running.
RoslynAnalysisRunner has terminated.
Mono: successfully reloaded assembly
- Completed reload, in  0.878 seconds
Platform modules already initialized, skipping
Registering precompiled user dll's ...
Registered in 0.000660 seconds.
Begin MonoManager ReloadAssembly
Native extension for WindowsStandalone target not found
Refreshing native plugins compatible for Editor in 0.27 ms, found 0 plugins.
Preloading 0 native plugins for Editor in 0.00 ms.
Invoked RoslynAnalysisRunner static constructor.
RoslynAnalysisRunner will not be running.
RoslynAnalysisRunner has terminated.
Mono: successfully reloaded assembly
- Completed reload, in  0.811 seconds
Platform modules already initialized, skipping
========================================================================
Worker process is ready to serve import requests
Launched and connected shader compiler UnityShaderCompiler.exe after 0.05 seconds
Refreshing native plugins compatible for Editor in 0.22 ms, found 0 plugins.
Preloading 0 native plugins for Editor in 0.00 ms.
Unloading 1113 Unused Serialized files (Serialized files now loaded: 0)
System memory in use before: 56.9 MB.
System memory in use after: 56.9 MB.

Unloading 10 unused Assets to reduce memory usage. Loaded Objects now: 1555.
Total: 1.912400 ms (FindLiveObjects: 0.127800 ms CreateObjectMapping: 0.031700 ms MarkObjects: 1.678300 ms  DeleteObjects: 0.073100 ms)

========================================================================
Received Import Request.
  path: Assets
  artifactKey: Guid(00000000000000001000000000000000) Importer(815301076,1909f56bfc062723c751e8b465ee728b)
Start importing Assets using Guid(00000000000000001000000000000000) Importer(815301076,1909f56bfc062723c751e8b465ee728b)  -> (artifact id: '42baae205c97e3337697759514652acd') in 0.010004 seconds
  Import took 0.012177 seconds .

========================================================================
Received Import Request.
  Time since last request: 9.573252 seconds.
  path: Assets/New Material.mat
  artifactKey: Guid(7a3775e9121afab4493d32bd8890427e) Importer(815301076,1909f56bfc062723c751e8b465ee728b)
Start importing Assets/New Material.mat using Guid(7a3775e9121afab4493d32bd8890427e) Importer(815301076,1909f56bfc062723c751e8b465ee728b)  -> (artifact id: 'e75b37c4ab4d3038559b83a640151439') in 0.248780 seconds
  Import took 0.252063 seconds .

========================================================================
Received Import Request.
  Time since last request: 17.755247 seconds.
  path: Assets/New Material.mat
  artifactKey: Guid(7a3775e9121afab4493d32bd8890427e) Importer(815301076,1909f56bfc062723c751e8b465ee728b)
Start importing Assets/New Material.mat using Guid(7a3775e9121afab4493d32bd8890427e) Importer(815301076,1909f56bfc062723c751e8b465ee728b)  -> (artifact id: 'e5080030275accb162f4da38b38bebb4') in 0.088527 seconds
  Import took 0.091933 seconds .

========================================================================
Received Import Request.
  Time since last request: 17.086328 seconds.
  path: Assets/New Material 1.mat
  artifactKey: Guid(a5ecfcdfb21a93b45be69e1213eee38d) Importer(815301076,1909f56bfc062723c751e8b465ee728b)
Start importing Assets/New Material 1.mat using Guid(a5ecfcdfb21a93b45be69e1213eee38d) Importer(815301076,1909f56bfc062723c751e8b465ee728b)  -> (artifact id: '3f7d68dddf40cb39e719e552648143cc') in 0.060943 seconds
  Import took 0.065644 seconds .

========================================================================
Received Import Request.
  Time since last request: 34.832527 seconds.
  path: Assets/New Material 1.mat
  artifactKey: Guid(a5ecfcdfb21a93b45be69e1213eee38d) Importer(815301076,1909f56bfc062723c751e8b465ee728b)
Start importing Assets/New Material 1.mat using Guid(a5ecfcdfb21a93b45be69e1213eee38d) Importer(815301076,1909f56bfc062723c751e8b465ee728b)  -> (artifact id: '3c9451f154a8cb9cefcbe3ddd479a010') in 0.063039 seconds
  Import took 0.069581 seconds .

========================================================================
Received Import Request.
  Time since last request: 10.212667 seconds.
  path: Assets/New Material 2.mat
  artifactKey: Guid(6c23e324ca452e64cb86b339303b855b) Importer(815301076,1909f56bfc062723c751e8b465ee728b)
Start importing Assets/New Material 2.mat using Guid(6c23e324ca452e64cb86b339303b855b) Importer(815301076,1909f56bfc062723c751e8b465ee728b)  -> (artifact id: 'd841291c72d9468ff17997f7d29654d5') in 0.065596 seconds
  Import took 0.070940 seconds .

========================================================================
Received Import Request.
  Time since last request: 8.772566 seconds.
  path: Assets/New Material 2.mat
  artifactKey: Guid(6c23e324ca452e64cb86b339303b855b) Importer(815301076,1909f56bfc062723c751e8b465ee728b)
Start importing Assets/New Material 2.mat using Guid(6c23e324ca452e64cb86b339303b855b) Importer(815301076,1909f56bfc062723c751e8b465ee728b)  -> (artifact id: 'b314ad3efe4588494211bffa22de2f6a') in 0.081894 seconds
  Import took 0.088223 seconds .

========================================================================
Received Import Request.
  Time since last request: 158.277786 seconds.
  path: Assets/New Material 3.mat
  artifactKey: Guid(abf003bdac84a9b45af9fa72633ad456) Importer(815301076,1909f56bfc062723c751e8b465ee728b)
Start importing Assets/New Material 3.mat using Guid(abf003bdac84a9b45af9fa72633ad456) Importer(815301076,1909f56bfc062723c751e8b465ee728b)  -> (artifact id: '6dcee16cb7ee5130eb87457dc1da825c') in 0.065345 seconds
  Import took 0.068504 seconds .

========================================================================
Received Prepare
Registering precompiled user dll's ...
Registered in 0.001687 seconds.
Begin MonoManager ReloadAssembly
Native extension for WindowsStandalone target not found
Refreshing native plugins compatible for Editor in 0.36 ms, found 3 plugins.
Preloading 0 native plugins for Editor in 0.00 ms.
Invoked RoslynAnalysisRunner static constructor.
RoslynAnalysisRunner will not be running.
RoslynAnalysisRunner has terminated.
Mono: successfully reloaded assembly
- Completed reload, in  0.941 seconds
Platform modules already initialized, skipping
Refreshing native plugins compatible for Editor in 0.35 ms, found 3 plugins.
Preloading 0 native plugins for Editor in 0.00 ms.
Unloading 1251 Unused Serialized files (Serialized files now loaded: 0)
System memory in use before: 64.4 MB.
System memory in use after: 64.3 MB.

Unloading 18 unused Assets to reduce memory usage. Loaded Objects now: 1728.
Total: 2.709100 ms (FindLiveObjects: 0.194800 ms CreateObjectMapping: 0.055800 ms MarkObjects: 2.294400 ms  DeleteObjects: 0.162300 ms)

