Using pre-set license
Built from '2020.3/staging' branch; Version is '2020.3.0f1 (c7b5465681fb) revision 13088070'; Using compiler version '192528614'; Build Type 'Release'
OS: 'Windows 10 Pro; OS build 19042.1348; Version 2009; 64bit' Language: 'en' Physical Memory: 8078 MB
BatchMode: 1, IsHumanControllingUs: 0, StartBugReporterOnCrash: 0, Is64bit: 1, IsPro: 0

 COMMAND LINE ARGUMENTS:
D:\VAULT\APPZ\Unity\Editor\Unity.exe
-adb2
-batchMode
-noUpm
-name
AssetImportWorker0
-projectPath
D:/Home/Nhi/CUSpring2021/_ATLS4519_PAD/ProceduralArtDesignRepo
-logFile
Logs/AssetImportWorker0.log
-srvPort
60963
Successfully changed project path to: D:/Home/Nhi/CUSpring2021/_ATLS4519_PAD/ProceduralArtDesignRepo
D:/Home/Nhi/CUSpring2021/_ATLS4519_PAD/ProceduralArtDesignRepo
Using Asset Import Pipeline V2.
Refreshing native plugins compatible for Editor in 130.56 ms, found 3 plugins.
Preloading 0 native plugins for Editor in 0.00 ms.
Initialize engine version: 2020.3.0f1 (c7b5465681fb)
[Subsystems] Discovering subsystems at path D:/VAULT/APPZ/Unity/Editor/Data/Resources/UnitySubsystems
[Subsystems] Discovering subsystems at path D:/Home/Nhi/CUSpring2021/_ATLS4519_PAD/ProceduralArtDesignRepo/Assets
GfxDevice: creating device client; threaded=0
Direct3D:
    Version:  Direct3D 11.0 [level 11.1]
    Renderer: Intel(R) UHD Graphics 620 (ID=0x5917)
    Vendor:   
    VRAM:     4039 MB
    Driver:   27.20.100.8681
Initialize mono
Mono path[0] = 'D:/VAULT/APPZ/Unity/Editor/Data/Managed'
Mono path[1] = 'D:/VAULT/APPZ/Unity/Editor/Data/MonoBleedingEdge/lib/mono/unityjit'
Mono config path = 'D:/VAULT/APPZ/Unity/Editor/Data/MonoBleedingEdge/etc'
Using monoOptions --debugger-agent=transport=dt_socket,embedding=1,server=y,suspend=n,address=127.0.0.1:56696
Begin MonoManager ReloadAssembly
Registering precompiled unity dll's ...
Register platform support module: D:/VAULT/APPZ/Unity/Editor/Data/PlaybackEngines/WindowsStandaloneSupport/UnityEditor.WindowsStandalone.Extensions.dll
Registered in 0.002499 seconds.
Native extension for WindowsStandalone target not found
Refreshing native plugins compatible for Editor in 135.30 ms, found 3 plugins.
Preloading 0 native plugins for Editor in 0.00 ms.
Invoked RoslynAnalysisRunner static constructor.
RoslynAnalysisRunner will not be running.
RoslynAnalysisRunner has terminated.
Mono: successfully reloaded assembly
- Completed reload, in  3.640 seconds
Platform modules already initialized, skipping
Registering precompiled user dll's ...
Registered in 0.008667 seconds.
Begin MonoManager ReloadAssembly
Native extension for WindowsStandalone target not found
Refreshing native plugins compatible for Editor in 0.44 ms, found 3 plugins.
Preloading 0 native plugins for Editor in 0.00 ms.
Invoked RoslynAnalysisRunner static constructor.
RoslynAnalysisRunner will not be running.
RoslynAnalysisRunner has terminated.
Mono: successfully reloaded assembly
- Completed reload, in  1.211 seconds
Platform modules already initialized, skipping
========================================================================
Worker process is ready to serve import requests
Launched and connected shader compiler UnityShaderCompiler.exe after 0.06 seconds
Refreshing native plugins compatible for Editor in 0.75 ms, found 3 plugins.
Preloading 0 native plugins for Editor in 0.00 ms.
Unloading 1467 Unused Serialized files (Serialized files now loaded: 0)
System memory in use before: 89.0 MB.
System memory in use after: 89.0 MB.

Unloading 17 unused Assets to reduce memory usage. Loaded Objects now: 1930.
Total: 3.938600 ms (FindLiveObjects: 0.387800 ms CreateObjectMapping: 0.121300 ms MarkObjects: 3.201700 ms  DeleteObjects: 0.225500 ms)

========================================================================
Received Import Request.
  path: Assets/Final/Section.cs
  artifactKey: Guid(fa12512457ae5eb4987eccf6175f66ab) Importer(815301076,1909f56bfc062723c751e8b465ee728b)
Start importing Assets/Final/Section.cs using Guid(fa12512457ae5eb4987eccf6175f66ab) Importer(815301076,1909f56bfc062723c751e8b465ee728b)  -> (artifact id: 'abe3fc55d3657417397e0c14fb479a0f') in 0.084466 seconds
  Import took 0.089432 seconds .

========================================================================
Received Prepare
Registering precompiled user dll's ...
Registered in 0.002138 seconds.
Begin MonoManager ReloadAssembly
Native extension for WindowsStandalone target not found
Refreshing native plugins compatible for Editor in 0.54 ms, found 3 plugins.
Preloading 0 native plugins for Editor in 0.00 ms.
Invoked RoslynAnalysisRunner static constructor.
RoslynAnalysisRunner will not be running.
RoslynAnalysisRunner has terminated.
Mono: successfully reloaded assembly
- Completed reload, in  2.320 seconds
Platform modules already initialized, skipping
Refreshing native plugins compatible for Editor in 0.48 ms, found 3 plugins.
Preloading 0 native plugins for Editor in 0.00 ms.
Unloading 1429 Unused Serialized files (Serialized files now loaded: 0)
System memory in use before: 86.3 MB.
System memory in use after: 86.4 MB.

Unloading 12 unused Assets to reduce memory usage. Loaded Objects now: 1933.
Total: 3.459800 ms (FindLiveObjects: 0.408700 ms CreateObjectMapping: 0.202700 ms MarkObjects: 2.726600 ms  DeleteObjects: 0.118900 ms)

