Using pre-set license
Built from '2020.3/staging' branch; Version is '2020.3.0f1 (c7b5465681fb) revision 13088070'; Using compiler version '192528614'; Build Type 'Release'
OS: 'Windows 10 Pro; OS build 19042.1083; Version 2009; 64bit' Language: 'en' Physical Memory: 8078 MB
BatchMode: 1, IsHumanControllingUs: 0, StartBugReporterOnCrash: 0, Is64bit: 1, IsPro: 0

 COMMAND LINE ARGUMENTS:
D:\VAULT\APPZ\Unity\Editor\Unity.exe
-adb2
-batchMode
-noUpm
-name
AssetImportWorker2
-projectPath
D:/Home/Nhi/CUSpring2021/_ATLS4519_PAD/ProceduralArtDesignRepo
-logFile
Logs/AssetImportWorker2.log
-srvPort
52315
Successfully changed project path to: D:/Home/Nhi/CUSpring2021/_ATLS4519_PAD/ProceduralArtDesignRepo
D:/Home/Nhi/CUSpring2021/_ATLS4519_PAD/ProceduralArtDesignRepo
Using Asset Import Pipeline V2.
Refreshing native plugins compatible for Editor in 32.64 ms, found 3 plugins.
Preloading 0 native plugins for Editor in 0.00 ms.
Initialize engine version: 2020.3.0f1 (c7b5465681fb)
[Subsystems] Discovering subsystems at path D:/VAULT/APPZ/Unity/Editor/Data/Resources/UnitySubsystems
[Subsystems] Discovering subsystems at path D:/Home/Nhi/CUSpring2021/_ATLS4519_PAD/ProceduralArtDesignRepo/Assets
GfxDevice: creating device client; threaded=0
Direct3D:
    Version:  Direct3D 11.0 [level 11.1]
    Renderer: Intel(R) UHD Graphics 620 (ID=0x5917)
    Vendor:   
    VRAM:     4039 MB
    Driver:   26.20.100.7000
Initialize mono
Mono path[0] = 'D:/VAULT/APPZ/Unity/Editor/Data/Managed'
Mono path[1] = 'D:/VAULT/APPZ/Unity/Editor/Data/MonoBleedingEdge/lib/mono/unityjit'
Mono config path = 'D:/VAULT/APPZ/Unity/Editor/Data/MonoBleedingEdge/etc'
Using monoOptions --debugger-agent=transport=dt_socket,embedding=1,server=y,suspend=n,address=127.0.0.1:56044
Begin MonoManager ReloadAssembly
Registering precompiled unity dll's ...
Register platform support module: D:/VAULT/APPZ/Unity/Editor/Data/PlaybackEngines/WindowsStandaloneSupport/UnityEditor.WindowsStandalone.Extensions.dll
Registered in 0.001277 seconds.
Native extension for WindowsStandalone target not found
Refreshing native plugins compatible for Editor in 31.86 ms, found 3 plugins.
Preloading 0 native plugins for Editor in 0.00 ms.
Invoked RoslynAnalysisRunner static constructor.
RoslynAnalysisRunner will not be running.
RoslynAnalysisRunner has terminated.
Mono: successfully reloaded assembly
- Completed reload, in  1.284 seconds
Platform modules already initialized, skipping
Registering precompiled user dll's ...
Registered in 0.001062 seconds.
Received signal SIGSEGV
Stack trace:
0x00007ff78801c37a (Unity) 
0x00007ff788011284 (Unity) 
0x00007ff787ff8905 (Unity) 
0x00007ff78800dcec (Unity) 
0x00007ff7888914b8 (Unity) 
0x00007ff788fdb099 (Unity) 
0x00007ff788f9d993 (Unity) 
0x00007ff788f9cc95 (Unity) 
0x00007ff788fa22de (Unity) 
0x00007ff788fa29f9 (Unity) 
0x00007ff788fa27aa (Unity) 
0x00007ff7876018f6 (Unity) 
0x00007ff788ea737b (Unity) 
0x00007ff78a26566f (Unity) 
0x00007ff78a264687 (Unity) 
0x00007ff789befed1 (Unity) 
0x00007ff78a56a372 (Unity) 
0x00007ff78c3df436 (Unity) 
0x00007ff918037034 (KERNEL32) 
0x00007ff918242651 (ntdll) 

