Using pre-set license
Built from '2020.3/staging' branch; Version is '2020.3.0f1 (c7b5465681fb) revision 13088070'; Using compiler version '192528614'; Build Type 'Release'
OS: 'Windows 10 Pro; OS build 19042.1083; Version 2009; 64bit' Language: 'en' Physical Memory: 8078 MB
BatchMode: 1, IsHumanControllingUs: 0, StartBugReporterOnCrash: 0, Is64bit: 1, IsPro: 0

 COMMAND LINE ARGUMENTS:
D:\VAULT\APPZ\Unity\Editor\Unity.exe
-adb2
-batchMode
-noUpm
-name
AssetImportWorker0
-projectPath
D:/Home/Nhi/CUSpring2021/_ATLS4519_PAD/ProceduralArtDesignRepo
-logFile
Logs/AssetImportWorker0.log
-srvPort
58756
Successfully changed project path to: D:/Home/Nhi/CUSpring2021/_ATLS4519_PAD/ProceduralArtDesignRepo
D:/Home/Nhi/CUSpring2021/_ATLS4519_PAD/ProceduralArtDesignRepo
Using Asset Import Pipeline V2.
Refreshing native plugins compatible for Editor in 113.42 ms, found 3 plugins.
Preloading 0 native plugins for Editor in 0.00 ms.
Initialize engine version: 2020.3.0f1 (c7b5465681fb)
[Subsystems] Discovering subsystems at path D:/VAULT/APPZ/Unity/Editor/Data/Resources/UnitySubsystems
[Subsystems] Discovering subsystems at path D:/Home/Nhi/CUSpring2021/_ATLS4519_PAD/ProceduralArtDesignRepo/Assets
GfxDevice: creating device client; threaded=0
Direct3D:
    Version:  Direct3D 11.0 [level 11.1]
    Renderer: Intel(R) UHD Graphics 620 (ID=0x5917)
    Vendor:   
    VRAM:     4039 MB
    Driver:   26.20.100.7000
Initialize mono
Mono path[0] = 'D:/VAULT/APPZ/Unity/Editor/Data/Managed'
Mono path[1] = 'D:/VAULT/APPZ/Unity/Editor/Data/MonoBleedingEdge/lib/mono/unityjit'
Mono config path = 'D:/VAULT/APPZ/Unity/Editor/Data/MonoBleedingEdge/etc'
Using monoOptions --debugger-agent=transport=dt_socket,embedding=1,server=y,suspend=n,address=127.0.0.1:56112
Begin MonoManager ReloadAssembly
Registering precompiled unity dll's ...
Register platform support module: D:/VAULT/APPZ/Unity/Editor/Data/PlaybackEngines/WindowsStandaloneSupport/UnityEditor.WindowsStandalone.Extensions.dll
Registered in 0.001695 seconds.
Native extension for WindowsStandalone target not found
Refreshing native plugins compatible for Editor in 35.71 ms, found 3 plugins.
Preloading 0 native plugins for Editor in 0.00 ms.
Invoked RoslynAnalysisRunner static constructor.
RoslynAnalysisRunner will not be running.
RoslynAnalysisRunner has terminated.
Mono: successfully reloaded assembly
- Completed reload, in  1.124 seconds
Platform modules already initialized, skipping
Registering precompiled user dll's ...
Registered in 0.001077 seconds.
Begin MonoManager ReloadAssembly
Native extension for WindowsStandalone target not found
Refreshing native plugins compatible for Editor in 0.34 ms, found 3 plugins.
Preloading 0 native plugins for Editor in 0.00 ms.
Invoked RoslynAnalysisRunner static constructor.
RoslynAnalysisRunner will not be running.
RoslynAnalysisRunner has terminated.
Mono: successfully reloaded assembly
- Completed reload, in  0.847 seconds
Platform modules already initialized, skipping
========================================================================
Worker process is ready to serve import requests
Launched and connected shader compiler UnityShaderCompiler.exe after 0.06 seconds
Refreshing native plugins compatible for Editor in 0.36 ms, found 3 plugins.
Preloading 0 native plugins for Editor in 0.00 ms.
Unloading 1405 Unused Serialized files (Serialized files now loaded: 0)
System memory in use before: 66.0 MB.
System memory in use after: 66.1 MB.

Unloading 17 unused Assets to reduce memory usage. Loaded Objects now: 1846.
Total: 2.320000 ms (FindLiveObjects: 0.248500 ms CreateObjectMapping: 0.094100 ms MarkObjects: 1.875100 ms  DeleteObjects: 0.101500 ms)

========================================================================
Received Import Request.
  path: Assets/10_4_2021/New Prefab.prefab
  artifactKey: Guid(8b978ec80afbad04da02eef14ed5d075) Importer(815301076,1909f56bfc062723c751e8b465ee728b)
Start importing Assets/10_4_2021/New Prefab.prefab using Guid(8b978ec80afbad04da02eef14ed5d075) Importer(815301076,1909f56bfc062723c751e8b465ee728b)  -> (artifact id: '1355bfe1ef7e988f72ef96fe5032d2f4') in 0.078478 seconds
  Import took 0.084523 seconds .

========================================================================
Received Import Request.
  Time since last request: 4.770786 seconds.
  path: Assets/10_4_2021/Drop.prefab
  artifactKey: Guid(0067fc2af70c2ec4581038f32ef161f6) Importer(815301076,1909f56bfc062723c751e8b465ee728b)
Start importing Assets/10_4_2021/Drop.prefab using Guid(0067fc2af70c2ec4581038f32ef161f6) Importer(815301076,1909f56bfc062723c751e8b465ee728b)  -> (artifact id: '02f3c3f42216366dd7e93fde1314a559') in 0.313879 seconds
  Import took 0.319292 seconds .

========================================================================
Received Import Request.
  Time since last request: 0.112803 seconds.
  path: Assets/10_4_2021/Drop.prefab
  artifactKey: Guid(0067fc2af70c2ec4581038f32ef161f6) Importer(815301076,1909f56bfc062723c751e8b465ee728b)
Start importing Assets/10_4_2021/Drop.prefab using Guid(0067fc2af70c2ec4581038f32ef161f6) Importer(815301076,1909f56bfc062723c751e8b465ee728b)  -> (artifact id: '02f3c3f42216366dd7e93fde1314a559') in 0.026694 seconds
  Import took 0.042061 seconds .

========================================================================
Received Prepare
Registering precompiled user dll's ...
Registered in 0.001642 seconds.
Begin MonoManager ReloadAssembly
Native extension for WindowsStandalone target not found
Refreshing native plugins compatible for Editor in 0.37 ms, found 3 plugins.
Preloading 0 native plugins for Editor in 0.00 ms.
Invoked RoslynAnalysisRunner static constructor.
RoslynAnalysisRunner will not be running.
RoslynAnalysisRunner has terminated.
Mono: successfully reloaded assembly
- Completed reload, in  1.087 seconds
Platform modules already initialized, skipping
Refreshing native plugins compatible for Editor in 0.68 ms, found 3 plugins.
Preloading 0 native plugins for Editor in 0.00 ms.
Unloading 1389 Unused Serialized files (Serialized files now loaded: 0)
System memory in use before: 68.3 MB.
System memory in use after: 68.4 MB.

Unloading 12 unused Assets to reduce memory usage. Loaded Objects now: 1857.
Total: 3.126300 ms (FindLiveObjects: 0.464100 ms CreateObjectMapping: 0.126500 ms MarkObjects: 2.405300 ms  DeleteObjects: 0.112700 ms)

========================================================================
Received Prepare
Registering precompiled user dll's ...
Registered in 0.001310 seconds.
Begin MonoManager ReloadAssembly
Native extension for WindowsStandalone target not found
Refreshing native plugins compatible for Editor in 0.34 ms, found 3 plugins.
Preloading 0 native plugins for Editor in 0.00 ms.
Invoked RoslynAnalysisRunner static constructor.
RoslynAnalysisRunner will not be running.
RoslynAnalysisRunner has terminated.
Mono: successfully reloaded assembly
- Completed reload, in  1.410 seconds
Platform modules already initialized, skipping
Refreshing native plugins compatible for Editor in 0.36 ms, found 3 plugins.
Preloading 0 native plugins for Editor in 0.00 ms.
Unloading 1389 Unused Serialized files (Serialized files now loaded: 0)
System memory in use before: 68.3 MB.
System memory in use after: 68.4 MB.

Unloading 12 unused Assets to reduce memory usage. Loaded Objects now: 1860.
Total: 2.383900 ms (FindLiveObjects: 0.277000 ms CreateObjectMapping: 0.062100 ms MarkObjects: 1.971100 ms  DeleteObjects: 0.072000 ms)

