Using pre-set license
Built from '2020.3/staging' branch; Version is '2020.3.0f1 (c7b5465681fb) revision 13088070'; Using compiler version '192528614'; Build Type 'Release'
OS: 'Windows 10 Pro; OS build 19042.1083; Version 2009; 64bit' Language: 'en' Physical Memory: 8078 MB
BatchMode: 1, IsHumanControllingUs: 0, StartBugReporterOnCrash: 0, Is64bit: 1, IsPro: 0

 COMMAND LINE ARGUMENTS:
D:\VAULT\APPZ\Unity\Editor\Unity.exe
-adb2
-batchMode
-noUpm
-name
AssetImportWorker0
-projectPath
D:/Home/Nhi/CUSpring2021/_ATLS4519_PAD/Assignment2/Image2
-logFile
Logs/AssetImportWorker0.log
-srvPort
56612
Successfully changed project path to: D:/Home/Nhi/CUSpring2021/_ATLS4519_PAD/Assignment2/Image2
D:/Home/Nhi/CUSpring2021/_ATLS4519_PAD/Assignment2/Image2
Using Asset Import Pipeline V2.
Refreshing native plugins compatible for Editor in 29.44 ms, found 3 plugins.
Preloading 0 native plugins for Editor in 0.00 ms.
Initialize engine version: 2020.3.0f1 (c7b5465681fb)
[Subsystems] Discovering subsystems at path D:/VAULT/APPZ/Unity/Editor/Data/Resources/UnitySubsystems
[Subsystems] Discovering subsystems at path D:/Home/Nhi/CUSpring2021/_ATLS4519_PAD/Assignment2/Image2/Assets
GfxDevice: creating device client; threaded=0
Direct3D:
    Version:  Direct3D 11.0 [level 11.1]
    Renderer: Intel(R) UHD Graphics 620 (ID=0x5917)
    Vendor:   
    VRAM:     4039 MB
    Driver:   26.20.100.7000
Initialize mono
Mono path[0] = 'D:/VAULT/APPZ/Unity/Editor/Data/Managed'
Mono path[1] = 'D:/VAULT/APPZ/Unity/Editor/Data/MonoBleedingEdge/lib/mono/unityjit'
Mono config path = 'D:/VAULT/APPZ/Unity/Editor/Data/MonoBleedingEdge/etc'
Using monoOptions --debugger-agent=transport=dt_socket,embedding=1,server=y,suspend=n,address=127.0.0.1:56076
Begin MonoManager ReloadAssembly
Registering precompiled unity dll's ...
Register platform support module: D:/VAULT/APPZ/Unity/Editor/Data/PlaybackEngines/WindowsStandaloneSupport/UnityEditor.WindowsStandalone.Extensions.dll
Registered in 0.003673 seconds.
Native extension for WindowsStandalone target not found
Refreshing native plugins compatible for Editor in 31.49 ms, found 3 plugins.
Preloading 0 native plugins for Editor in 0.00 ms.
Invoked RoslynAnalysisRunner static constructor.
RoslynAnalysisRunner will not be running.
RoslynAnalysisRunner has terminated.
Mono: successfully reloaded assembly
- Completed reload, in  0.924 seconds
Platform modules already initialized, skipping
Registering precompiled user dll's ...
Registered in 0.001244 seconds.
Begin MonoManager ReloadAssembly
Native extension for WindowsStandalone target not found
Refreshing native plugins compatible for Editor in 0.39 ms, found 3 plugins.
Preloading 0 native plugins for Editor in 0.00 ms.
Invoked RoslynAnalysisRunner static constructor.
RoslynAnalysisRunner will not be running.
RoslynAnalysisRunner has terminated.
Mono: successfully reloaded assembly
- Completed reload, in  0.843 seconds
Platform modules already initialized, skipping
========================================================================
Worker process is ready to serve import requests
Launched and connected shader compiler UnityShaderCompiler.exe after 0.05 seconds
Refreshing native plugins compatible for Editor in 0.34 ms, found 3 plugins.
Preloading 0 native plugins for Editor in 0.00 ms.
Unloading 1256 Unused Serialized files (Serialized files now loaded: 0)
System memory in use before: 61.2 MB.
System memory in use after: 61.3 MB.

Unloading 17 unused Assets to reduce memory usage. Loaded Objects now: 1691.
Total: 2.121900 ms (FindLiveObjects: 0.211600 ms CreateObjectMapping: 0.054800 ms MarkObjects: 1.764100 ms  DeleteObjects: 0.090500 ms)

========================================================================
Received Import Request.
  path: Assets/Scenes/New Material 1.mat
  artifactKey: Guid(001e6028f38f25b4db2309949214d8a1) Importer(815301076,1909f56bfc062723c751e8b465ee728b)
Start importing Assets/Scenes/New Material 1.mat using Guid(001e6028f38f25b4db2309949214d8a1) Importer(815301076,1909f56bfc062723c751e8b465ee728b)  -> (artifact id: 'e74930df518876f52e84646e3978bdfd') in 0.105728 seconds
  Import took 0.108049 seconds .

========================================================================
Received Import Request.
  Time since last request: 34.710858 seconds.
  path: Assets/Scenes/New Material 2.mat
  artifactKey: Guid(e66bf09d09596f04c9ba126dd92a064b) Importer(815301076,1909f56bfc062723c751e8b465ee728b)
Start importing Assets/Scenes/New Material 2.mat using Guid(e66bf09d09596f04c9ba126dd92a064b) Importer(815301076,1909f56bfc062723c751e8b465ee728b)  -> (artifact id: 'e786eca192cf0fcb5a001309e0f2db1a') in 0.025824 seconds
  Import took 0.034784 seconds .

========================================================================
Received Prepare
Registering precompiled user dll's ...
Registered in 0.001085 seconds.
Begin MonoManager ReloadAssembly
Native extension for WindowsStandalone target not found
Refreshing native plugins compatible for Editor in 0.39 ms, found 3 plugins.
Preloading 0 native plugins for Editor in 0.00 ms.
Invoked RoslynAnalysisRunner static constructor.
RoslynAnalysisRunner will not be running.
RoslynAnalysisRunner has terminated.
Mono: successfully reloaded assembly
- Completed reload, in  1.248 seconds
Platform modules already initialized, skipping
Refreshing native plugins compatible for Editor in 0.54 ms, found 3 plugins.
Preloading 0 native plugins for Editor in 0.00 ms.
Unloading 1245 Unused Serialized files (Serialized files now loaded: 0)
System memory in use before: 64.0 MB.
System memory in use after: 64.1 MB.

Unloading 12 unused Assets to reduce memory usage. Loaded Objects now: 1734.
Total: 5.122500 ms (FindLiveObjects: 0.428200 ms CreateObjectMapping: 0.396300 ms MarkObjects: 4.007700 ms  DeleteObjects: 0.284800 ms)

========================================================================
Received Import Request.
  Time since last request: 969.272895 seconds.
  path: Assets/Scenes/New Material.mat
  artifactKey: Guid(6d0ee07913401c74681335fb8f73f151) Importer(815301076,1909f56bfc062723c751e8b465ee728b)
Start importing Assets/Scenes/New Material.mat using Guid(6d0ee07913401c74681335fb8f73f151) Importer(815301076,1909f56bfc062723c751e8b465ee728b)  -> (artifact id: 'd2e60ddd89513c0f008fc694625e41fe') in 0.144327 seconds
  Import took 0.154265 seconds .

========================================================================
Received Import Request.
  Time since last request: 120.451519 seconds.
  path: Assets/Scenes/New Material 3.mat
  artifactKey: Guid(70d7e7214103e724b95f20cda94a3b07) Importer(815301076,1909f56bfc062723c751e8b465ee728b)
Start importing Assets/Scenes/New Material 3.mat using Guid(70d7e7214103e724b95f20cda94a3b07) Importer(815301076,1909f56bfc062723c751e8b465ee728b)  -> (artifact id: 'efe55518b7f4ac96df4f9e727f2d07f5') in 0.027384 seconds
  Import took 0.035353 seconds .

========================================================================
Received Import Request.
  Time since last request: 0.019839 seconds.
  path: Assets/Scenes/New Material 3.mat
  artifactKey: Guid(70d7e7214103e724b95f20cda94a3b07) Importer(815301076,1909f56bfc062723c751e8b465ee728b)
Start importing Assets/Scenes/New Material 3.mat using Guid(70d7e7214103e724b95f20cda94a3b07) Importer(815301076,1909f56bfc062723c751e8b465ee728b)  -> (artifact id: 'efe55518b7f4ac96df4f9e727f2d07f5') in 0.018609 seconds
  Import took 0.022269 seconds .

========================================================================
Received Prepare
Registering precompiled user dll's ...
Registered in 0.001303 seconds.
Begin MonoManager ReloadAssembly
Native extension for WindowsStandalone target not found
Refreshing native plugins compatible for Editor in 0.35 ms, found 3 plugins.
Preloading 0 native plugins for Editor in 0.00 ms.
Invoked RoslynAnalysisRunner static constructor.
RoslynAnalysisRunner will not be running.
RoslynAnalysisRunner has terminated.
Mono: successfully reloaded assembly
- Completed reload, in  1.250 seconds
Platform modules already initialized, skipping
Refreshing native plugins compatible for Editor in 0.28 ms, found 3 plugins.
Preloading 0 native plugins for Editor in 0.00 ms.
Unloading 1245 Unused Serialized files (Serialized files now loaded: 0)
System memory in use before: 64.1 MB.
System memory in use after: 64.2 MB.

Unloading 12 unused Assets to reduce memory usage. Loaded Objects now: 1738.
Total: 2.148600 ms (FindLiveObjects: 0.244000 ms CreateObjectMapping: 0.042700 ms MarkObjects: 1.803400 ms  DeleteObjects: 0.056800 ms)

AssetImportWorkerClient::OnTransportError - code=2 error=End of file
